
> agrimemo-frontend@1.0.0 dev
> vite --host 0.0.0.0


  VITE v5.4.21  ready in 246 ms

  ➜  Local:   http://localhost:5173/
  ➜  Network: http://172.20.10.2:5173/
6:52:05 PM [vite] hmr update /src/components/notes/NotesList.tsx, /src/index.css
8:30:37 PM [vite] hmr update /src/components/notes/NoteDetail.tsx, /src/index.css
8:31:31 PM [vite] hmr update /src/index.css
8:32:32 PM [vite] hmr update /src/components/notes/NoteCard.tsx, /src/index.css
8:32:34 PM [vite] hmr update /src/components/notes/NotesList.tsx, /src/index.css
8:33:01 PM [vite] hmr update /src/components/pipeline/ResultPanel.tsx, /src/index.css
8:54:03 PM [vite] hmr update /src/components/notes/NoteDetail.tsx, /src/index.css
9:25:07 PM [vite] hmr update /src/components/notes/NoteDetail.tsx, /src/index.css
9:25:08 PM [vite] Internal server error: /Users/himanshunimonkar/Downloads/AgriMemo/frontend/src/components/notes/NoteDetail.tsx: Unterminated JSX contents. (431:10)

  429 |         )}
  430 |       </div>
> 431 |     </div>
      |           ^
  432 |   )
  433 | }
  434 |
  Plugin: vite:react-babel
  File: /Users/himanshunimonkar/Downloads/AgriMemo/frontend/src/components/notes/NoteDetail.tsx:431:10
  429|          )}
  430|        </div>
  431|      </div>
     |            ^
  432|    )
  433|  }
      at constructor (/Users/himanshunimonkar/Downloads/AgriMemo/frontend/node_modules/@babel/parser/lib/index.js:365:19)
      at TypeScriptParserMixin.raise (/Users/himanshunimonkar/Downloads/AgriMemo/frontend/node_modules/@babel/parser/lib/index.js:6599:19)
      at TypeScriptParserMixin.jsxReadToken (/Users/himanshunimonkar/Downloads/AgriMemo/frontend/node_modules/@babel/parser/lib/index.js:4448:20)
      at TypeScriptParserMixin.getTokenFromCode (/Users/himanshunimonkar/Downloads/AgriMemo/frontend/node_modules/@babel/parser/lib/index.js:4774:12)
      at TypeScriptParserMixin.getTokenFromCode (/Users/himanshunimonkar/Downloads/AgriMemo/frontend/node_modules/@babel/parser/lib/index.js:9987:11)
      at TypeScriptParserMixin.nextToken (/Users/himanshunimonkar/Downloads/AgriMemo/frontend/node_modules/@babel/parser/lib/index.js:5782:10)
      at TypeScriptParserMixin.next (/Users/himanshunimonkar/Downloads/AgriMemo/frontend/node_modules/@babel/parser/lib/index.js:5692:10)
      at TypeScriptParserMixin.eat (/Users/himanshunimonkar/Downloads/AgriMemo/frontend/node_modules/@babel/parser/lib/index.js:5696:12)
      at TypeScriptParserMixin.expect (/Users/himanshunimonkar/Downloads/AgriMemo/frontend/node_modules/@babel/parser/lib/index.js:6898:15)
      at TypeScriptParserMixin.jsxParseClosingElementAt (/Users/himanshunimonkar/Downloads/AgriMemo/frontend/node_modules/@babel/parser/lib/index.js:4680:10)
      at TypeScriptParserMixin.jsxParseElementAt (/Users/himanshunimonkar/Downloads/AgriMemo/frontend/node_modules/@babel/parser/lib/index.js:4695:37)
      at TypeScriptParserMixin.jsxParseElementAt (/Users/himanshunimonkar/Downloads/AgriMemo/frontend/node_modules/@babel/parser/lib/index.js:4698:32)
      at TypeScriptParserMixin.jsxParseElement (/Users/himanshunimonkar/Downloads/AgriMemo/frontend/node_modules/@babel/parser/lib/index.js:4749:17)
      at TypeScriptParserMixin.parseExprAtom (/Users/himanshunimonkar/Downloads/AgriMemo/frontend/node_modules/@babel/parser/lib/index.js:4759:19)
      at TypeScriptParserMixin.parseExprSubscripts (/Users/himanshunimonkar/Downloads/AgriMemo/frontend/node_modules/@babel/parser/lib/index.js:11081:23)
      at TypeScriptParserMixin.parseUpdate (/Users/himanshunimonkar/Downloads/AgriMemo/frontend/node_modules/@babel/parser/lib/index.js:11066:21)
      at TypeScriptParserMixin.parseMaybeUnary (/Users/himanshunimonkar/Downloads/AgriMemo/frontend/node_modules/@babel/parser/lib/index.js:11046:23)
      at TypeScriptParserMixin.parseMaybeUnary (/Users/himanshunimonkar/Downloads/AgriMemo/frontend/node_modules/@babel/parser/lib/index.js:9837:18)
      at TypeScriptParserMixin.parseMaybeUnaryOrPrivate (/Users/himanshunimonkar/Downloads/AgriMemo/frontend/node_modules/@babel/parser/lib/index.js:10899:61)
      at TypeScriptParserMixin.parseExprOps (/Users/himanshunimonkar/Downloads/AgriMemo/frontend/node_modules/@babel/parser/lib/index.js:10904:23)
      at TypeScriptParserMixin.parseMaybeConditional (/Users/himanshunimonkar/Downloads/AgriMemo/frontend/node_modules/@babel/parser/lib/index.js:10881:23)
      at TypeScriptParserMixin.parseMaybeAssign (/Users/himanshunimonkar/Downloads/AgriMemo/frontend/node_modules/@babel/parser/lib/index.js:10831:21)
      at /Users/himanshunimonkar/Downloads/AgriMemo/frontend/node_modules/@babel/parser/lib/index.js:9775:39
      at TypeScriptParserMixin.tryParse (/Users/himanshunimonkar/Downloads/AgriMemo/frontend/node_modules/@babel/parser/lib/index.js:6907:20)
      at TypeScriptParserMixin.parseMaybeAssign (/Users/himanshunimonkar/Downloads/AgriMemo/frontend/node_modules/@babel/parser/lib/index.js:9775:18)
      at /Users/himanshunimonkar/Downloads/AgriMemo/frontend/node_modules/@babel/parser/lib/index.js:10800:39
      at TypeScriptParserMixin.allowInAnd (/Users/himanshunimonkar/Downloads/AgriMemo/frontend/node_modules/@babel/parser/lib/index.js:12426:12)
      at TypeScriptParserMixin.parseMaybeAssignAllowIn (/Users/himanshunimonkar/Downloads/AgriMemo/frontend/node_modules/@babel/parser/lib/index.js:10800:17)
      at TypeScriptParserMixin.parseMaybeAssignAllowInOrVoidPattern (/Users/himanshunimonkar/Downloads/AgriMemo/frontend/node_modules/@babel/parser/lib/index.js:12493:17)
      at TypeScriptParserMixin.parseParenAndDistinguishExpression (/Users/himanshunimonkar/Downloads/AgriMemo/frontend/node_modules/@babel/parser/lib/index.js:11675:28)
      at TypeScriptParserMixin.parseExprAtom (/Users/himanshunimonkar/Downloads/AgriMemo/frontend/node_modules/@babel/parser/lib/index.js:11331:23)
      at TypeScriptParserMixin.parseExprAtom (/Users/himanshunimonkar/Downloads/AgriMemo/frontend/node_modules/@babel/parser/lib/index.js:4764:20)
      at TypeScriptParserMixin.parseExprSubscripts (/Users/himanshunimonkar/Downloads/AgriMemo/frontend/node_modules/@babel/parser/lib/index.js:11081:23)
      at TypeScriptParserMixin.parseUpdate (/Users/himanshunimonkar/Downloads/AgriMemo/frontend/node_modules/@babel/parser/lib/index.js:11066:21)
      at TypeScriptParserMixin.parseMaybeUnary (/Users/himanshunimonkar/Downloads/AgriMemo/frontend/node_modules/@babel/parser/lib/index.js:11046:23)
      at TypeScriptParserMixin.parseMaybeUnary (/Users/himanshunimonkar/Downloads/AgriMemo/frontend/node_modules/@babel/parser/lib/index.js:9837:18)
      at TypeScriptParserMixin.parseMaybeUnaryOrPrivate (/Users/himanshunimonkar/Downloads/AgriMemo/frontend/node_modules/@babel/parser/lib/index.js:10899:61)
      at TypeScriptParserMixin.parseExprOps (/Users/himanshunimonkar/Downloads/AgriMemo/frontend/node_modules/@babel/parser/lib/index.js:10904:23)
      at TypeScriptParserMixin.parseMaybeConditional (/Users/himanshunimonkar/Downloads/AgriMemo/frontend/node_modules/@babel/parser/lib/index.js:10881:23)
      at TypeScriptParserMixin.parseMaybeAssign (/Users/himanshunimonkar/Downloads/AgriMemo/frontend/node_modules/@babel/parser/lib/index.js:10831:21)
      at TypeScriptParserMixin.parseMaybeAssign (/Users/himanshunimonkar/Downloads/AgriMemo/frontend/node_modules/@babel/parser/lib/index.js:9786:20)
      at TypeScriptParserMixin.parseExpressionBase (/Users/himanshunimonkar/Downloads/AgriMemo/frontend/node_modules/@babel/parser/lib/index.js:10784:23)
      at /Users/himanshunimonkar/Downloads/AgriMemo/frontend/node_modules/@babel/parser/lib/index.js:10780:39
      at TypeScriptParserMixin.allowInAnd (/Users/himanshunimonkar/Downloads/AgriMemo/frontend/node_modules/@babel/parser/lib/index.js:12421:16)
      at TypeScriptParserMixin.parseExpression (/Users/himanshunimonkar/Downloads/AgriMemo/frontend/node_modules/@babel/parser/lib/index.js:10780:17)
      at TypeScriptParserMixin.parseReturnStatement (/Users/himanshunimonkar/Downloads/AgriMemo/frontend/node_modules/@babel/parser/lib/index.js:13142:28)
      at TypeScriptParserMixin.parseStatementContent (/Users/himanshunimonkar/Downloads/AgriMemo/frontend/node_modules/@babel/parser/lib/index.js:12798:21)
      at TypeScriptParserMixin.parseStatementContent (/Users/himanshunimonkar/Downloads/AgriMemo/frontend/node_modules/@babel/parser/lib/index.js:9508:18)
      at TypeScriptParserMixin.parseStatementLike (/Users/himanshunimonkar/Downloads/AgriMemo/frontend/node_modules/@babel/parser/lib/index.js:12767:17)
      at TypeScriptParserMixin.parseStatementListItem (/Users/himanshunimonkar/Downloads/AgriMemo/frontend/node_modules/@babel/parser/lib/index.js:12747:17)
9:25:08 PM [vite] Internal server error: /Users/himanshunimonkar/Downloads/AgriMemo/frontend/src/components/notes/NoteDetail.tsx: Unterminated JSX contents. (431:10)

  429 |         )}
  430 |       </div>
> 431 |     </div>
      |           ^
  432 |   )
  433 | }
  434 |
  Plugin: vite:react-babel
  File: /Users/himanshunimonkar/Downloads/AgriMemo/frontend/src/components/notes/NoteDetail.tsx:431:10
  429|          )}
  430|        </div>
  431|      </div>
     |            ^
  432|    )
  433|  }
      at constructor (/Users/himanshunimonkar/Downloads/AgriMemo/frontend/node_modules/@babel/parser/lib/index.js:365:19)
      at TypeScriptParserMixin.raise (/Users/himanshunimonkar/Downloads/AgriMemo/frontend/node_modules/@babel/parser/lib/index.js:6599:19)
      at TypeScriptParserMixin.jsxReadToken (/Users/himanshunimonkar/Downloads/AgriMemo/frontend/node_modules/@babel/parser/lib/index.js:4448:20)
      at TypeScriptParserMixin.getTokenFromCode (/Users/himanshunimonkar/Downloads/AgriMemo/frontend/node_modules/@babel/parser/lib/index.js:4774:12)
      at TypeScriptParserMixin.getTokenFromCode (/Users/himanshunimonkar/Downloads/AgriMemo/frontend/node_modules/@babel/parser/lib/index.js:9987:11)
      at TypeScriptParserMixin.nextToken (/Users/himanshunimonkar/Downloads/AgriMemo/frontend/node_modules/@babel/parser/lib/index.js:5782:10)
      at TypeScriptParserMixin.next (/Users/himanshunimonkar/Downloads/AgriMemo/frontend/node_modules/@babel/parser/lib/index.js:5692:10)
      at TypeScriptParserMixin.eat (/Users/himanshunimonkar/Downloads/AgriMemo/frontend/node_modules/@babel/parser/lib/index.js:5696:12)
      at TypeScriptParserMixin.expect (/Users/himanshunimonkar/Downloads/AgriMemo/frontend/node_modules/@babel/parser/lib/index.js:6898:15)
      at TypeScriptParserMixin.jsxParseClosingElementAt (/Users/himanshunimonkar/Downloads/AgriMemo/frontend/node_modules/@babel/parser/lib/index.js:4680:10)
      at TypeScriptParserMixin.jsxParseElementAt (/Users/himanshunimonkar/Downloads/AgriMemo/frontend/node_modules/@babel/parser/lib/index.js:4695:37)
      at TypeScriptParserMixin.jsxParseElementAt (/Users/himanshunimonkar/Downloads/AgriMemo/frontend/node_modules/@babel/parser/lib/index.js:4698:32)
      at TypeScriptParserMixin.jsxParseElement (/Users/himanshunimonkar/Downloads/AgriMemo/frontend/node_modules/@babel/parser/lib/index.js:4749:17)
      at TypeScriptParserMixin.parseExprAtom (/Users/himanshunimonkar/Downloads/AgriMemo/frontend/node_modules/@babel/parser/lib/index.js:4759:19)
      at TypeScriptParserMixin.parseExprSubscripts (/Users/himanshunimonkar/Downloads/AgriMemo/frontend/node_modules/@babel/parser/lib/index.js:11081:23)
      at TypeScriptParserMixin.parseUpdate (/Users/himanshunimonkar/Downloads/AgriMemo/frontend/node_modules/@babel/parser/lib/index.js:11066:21)
      at TypeScriptParserMixin.parseMaybeUnary (/Users/himanshunimonkar/Downloads/AgriMemo/frontend/node_modules/@babel/parser/lib/index.js:11046:23)
      at TypeScriptParserMixin.parseMaybeUnary (/Users/himanshunimonkar/Downloads/AgriMemo/frontend/node_modules/@babel/parser/lib/index.js:9837:18)
      at TypeScriptParserMixin.parseMaybeUnaryOrPrivate (/Users/himanshunimonkar/Downloads/AgriMemo/frontend/node_modules/@babel/parser/lib/index.js:10899:61)
      at TypeScriptParserMixin.parseExprOps (/Users/himanshunimonkar/Downloads/AgriMemo/frontend/node_modules/@babel/parser/lib/index.js:10904:23)
      at TypeScriptParserMixin.parseMaybeConditional (/Users/himanshunimonkar/Downloads/AgriMemo/frontend/node_modules/@babel/parser/lib/index.js:10881:23)
      at TypeScriptParserMixin.parseMaybeAssign (/Users/himanshunimonkar/Downloads/AgriMemo/frontend/node_modules/@babel/parser/lib/index.js:10831:21)
      at /Users/himanshunimonkar/Downloads/AgriMemo/frontend/node_modules/@babel/parser/lib/index.js:9775:39
      at TypeScriptParserMixin.tryParse (/Users/himanshunimonkar/Downloads/AgriMemo/frontend/node_modules/@babel/parser/lib/index.js:6907:20)
      at TypeScriptParserMixin.parseMaybeAssign (/Users/himanshunimonkar/Downloads/AgriMemo/frontend/node_modules/@babel/parser/lib/index.js:9775:18)
      at /Users/himanshunimonkar/Downloads/AgriMemo/frontend/node_modules/@babel/parser/lib/index.js:10800:39
      at TypeScriptParserMixin.allowInAnd (/Users/himanshunimonkar/Downloads/AgriMemo/frontend/node_modules/@babel/parser/lib/index.js:12426:12)
      at TypeScriptParserMixin.parseMaybeAssignAllowIn (/Users/himanshunimonkar/Downloads/AgriMemo/frontend/node_modules/@babel/parser/lib/index.js:10800:17)
      at TypeScriptParserMixin.parseMaybeAssignAllowInOrVoidPattern (/Users/himanshunimonkar/Downloads/AgriMemo/frontend/node_modules/@babel/parser/lib/index.js:12493:17)
      at TypeScriptParserMixin.parseParenAndDistinguishExpression (/Users/himanshunimonkar/Downloads/AgriMemo/frontend/node_modules/@babel/parser/lib/index.js:11675:28)
      at TypeScriptParserMixin.parseExprAtom (/Users/himanshunimonkar/Downloads/AgriMemo/frontend/node_modules/@babel/parser/lib/index.js:11331:23)
      at TypeScriptParserMixin.parseExprAtom (/Users/himanshunimonkar/Downloads/AgriMemo/frontend/node_modules/@babel/parser/lib/index.js:4764:20)
      at TypeScriptParserMixin.parseExprSubscripts (/Users/himanshunimonkar/Downloads/AgriMemo/frontend/node_modules/@babel/parser/lib/index.js:11081:23)
      at TypeScriptParserMixin.parseUpdate (/Users/himanshunimonkar/Downloads/AgriMemo/frontend/node_modules/@babel/parser/lib/index.js:11066:21)
      at TypeScriptParserMixin.parseMaybeUnary (/Users/himanshunimonkar/Downloads/AgriMemo/frontend/node_modules/@babel/parser/lib/index.js:11046:23)
      at TypeScriptParserMixin.parseMaybeUnary (/Users/himanshunimonkar/Downloads/AgriMemo/frontend/node_modules/@babel/parser/lib/index.js:9837:18)
      at TypeScriptParserMixin.parseMaybeUnaryOrPrivate (/Users/himanshunimonkar/Downloads/AgriMemo/frontend/node_modules/@babel/parser/lib/index.js:10899:61)
      at TypeScriptParserMixin.parseExprOps (/Users/himanshunimonkar/Downloads/AgriMemo/frontend/node_modules/@babel/parser/lib/index.js:10904:23)
      at TypeScriptParserMixin.parseMaybeConditional (/Users/himanshunimonkar/Downloads/AgriMemo/frontend/node_modules/@babel/parser/lib/index.js:10881:23)
      at TypeScriptParserMixin.parseMaybeAssign (/Users/himanshunimonkar/Downloads/AgriMemo/frontend/node_modules/@babel/parser/lib/index.js:10831:21)
      at TypeScriptParserMixin.parseMaybeAssign (/Users/himanshunimonkar/Downloads/AgriMemo/frontend/node_modules/@babel/parser/lib/index.js:9786:20)
      at TypeScriptParserMixin.parseExpressionBase (/Users/himanshunimonkar/Downloads/AgriMemo/frontend/node_modules/@babel/parser/lib/index.js:10784:23)
      at /Users/himanshunimonkar/Downloads/AgriMemo/frontend/node_modules/@babel/parser/lib/index.js:10780:39
      at TypeScriptParserMixin.allowInAnd (/Users/himanshunimonkar/Downloads/AgriMemo/frontend/node_modules/@babel/parser/lib/index.js:12421:16)
      at TypeScriptParserMixin.parseExpression (/Users/himanshunimonkar/Downloads/AgriMemo/frontend/node_modules/@babel/parser/lib/index.js:10780:17)
      at TypeScriptParserMixin.parseReturnStatement (/Users/himanshunimonkar/Downloads/AgriMemo/frontend/node_modules/@babel/parser/lib/index.js:13142:28)
      at TypeScriptParserMixin.parseStatementContent (/Users/himanshunimonkar/Downloads/AgriMemo/frontend/node_modules/@babel/parser/lib/index.js:12798:21)
      at TypeScriptParserMixin.parseStatementContent (/Users/himanshunimonkar/Downloads/AgriMemo/frontend/node_modules/@babel/parser/lib/index.js:9508:18)
      at TypeScriptParserMixin.parseStatementLike (/Users/himanshunimonkar/Downloads/AgriMemo/frontend/node_modules/@babel/parser/lib/index.js:12767:17)
      at TypeScriptParserMixin.parseStatementListItem (/Users/himanshunimonkar/Downloads/AgriMemo/frontend/node_modules/@babel/parser/lib/index.js:12747:17)
9:25:45 PM [vite] hmr update /src/components/notes/NoteDetail.tsx, /src/index.css
10:00:43 PM [vite] hmr update /src/components/notes/NoteFilters.tsx, /src/index.css
10:01:16 PM [vite] page reload src/types/index.ts
10:13:23 PM [vite] hmr update /src/index.css
10:14:26 PM [vite] hmr update /src/index.css, /src/components/notes/NotesList.tsx, /src/components/notes/NoteDetail.tsx
10:14:28 PM [vite] hmr update /src/index.css, /src/components/upload/AudioUploader.tsx
10:14:46 PM [vite] hmr update /src/components/notes/NoteCard.tsx, /src/index.css
10:37:08 PM [vite] hmr update /src/components/notes/NoteFilters.tsx, /src/index.css
10:37:10 PM [vite] hmr update /src/components/notes/NoteCard.tsx, /src/index.css
7:08:44 AM [vite] hmr update /src/index.css, /src/components/StatusView.tsx, /src/components/notes/NotesList.tsx, /src/components/notes/NoteDetail.tsx, /src/components/upload/AudioUploader.tsx
7:09:19 AM [vite] hmr update /src/App.tsx, /src/index.css, /src/components/layout/Layout.tsx, /src/components/notes/NotesList.tsx, /src/components/notes/NoteDetail.tsx, /src/components/notes/NoteFilters.tsx, /src/components/upload/AudioUploader.tsx
7:09:21 AM [vite] hmr update /src/components/notes/NoteFilters.tsx, /src/index.css
7:09:21 AM [vite] Internal server error: /Users/himanshunimonkar/Downloads/AgriMemo/frontend/src/components/notes/NoteFilters.tsx: Adjacent JSX elements must be wrapped in an enclosing tag. Did you want a JSX fragment <>...</>? (144:4)

  142 |         Clear All Filters
  143 |       </button>
> 144 |     </div>
      |     ^
  145 |   )
  146 | }
  147 |
  Plugin: vite:react-babel
  File: /Users/himanshunimonkar/Downloads/AgriMemo/frontend/src/components/notes/NoteFilters.tsx:144:4
  142|          Clear All Filters
  143|        </button>
  144|      </div>
     |      ^
  145|    )
  146|  }
      at constructor (/Users/himanshunimonkar/Downloads/AgriMemo/frontend/node_modules/@babel/parser/lib/index.js:365:19)
      at TypeScriptParserMixin.raise (/Users/himanshunimonkar/Downloads/AgriMemo/frontend/node_modules/@babel/parser/lib/index.js:6599:19)
      at TypeScriptParserMixin.jsxParseElementAt (/Users/himanshunimonkar/Downloads/AgriMemo/frontend/node_modules/@babel/parser/lib/index.js:4742:18)
      at TypeScriptParserMixin.jsxParseElement (/Users/himanshunimonkar/Downloads/AgriMemo/frontend/node_modules/@babel/parser/lib/index.js:4749:17)
      at TypeScriptParserMixin.parseExprAtom (/Users/himanshunimonkar/Downloads/AgriMemo/frontend/node_modules/@babel/parser/lib/index.js:4762:19)
      at TypeScriptParserMixin.parseExprSubscripts (/Users/himanshunimonkar/Downloads/AgriMemo/frontend/node_modules/@babel/parser/lib/index.js:11081:23)
      at TypeScriptParserMixin.parseUpdate (/Users/himanshunimonkar/Downloads/AgriMemo/frontend/node_modules/@babel/parser/lib/index.js:11066:21)
      at TypeScriptParserMixin.parseMaybeUnary (/Users/himanshunimonkar/Downloads/AgriMemo/frontend/node_modules/@babel/parser/lib/index.js:11046:23)
      at TypeScriptParserMixin.parseMaybeUnary (/Users/himanshunimonkar/Downloads/AgriMemo/frontend/node_modules/@babel/parser/lib/index.js:9837:18)
      at TypeScriptParserMixin.parseMaybeUnaryOrPrivate (/Users/himanshunimonkar/Downloads/AgriMemo/frontend/node_modules/@babel/parser/lib/index.js:10899:61)
      at TypeScriptParserMixin.parseExprOps (/Users/himanshunimonkar/Downloads/AgriMemo/frontend/node_modules/@babel/parser/lib/index.js:10904:23)
      at TypeScriptParserMixin.parseMaybeConditional (/Users/himanshunimonkar/Downloads/AgriMemo/frontend/node_modules/@babel/parser/lib/index.js:10881:23)
      at TypeScriptParserMixin.parseMaybeAssign (/Users/himanshunimonkar/Downloads/AgriMemo/frontend/node_modules/@babel/parser/lib/index.js:10831:21)
      at /Users/himanshunimonkar/Downloads/AgriMemo/frontend/node_modules/@babel/parser/lib/index.js:9775:39
      at TypeScriptParserMixin.tryParse (/Users/himanshunimonkar/Downloads/AgriMemo/frontend/node_modules/@babel/parser/lib/index.js:6907:20)
      at TypeScriptParserMixin.parseMaybeAssign (/Users/himanshunimonkar/Downloads/AgriMemo/frontend/node_modules/@babel/parser/lib/index.js:9775:18)
      at TypeScriptParserMixin.parseExpressionBase (/Users/himanshunimonkar/Downloads/AgriMemo/frontend/node_modules/@babel/parser/lib/index.js:10784:23)
      at /Users/himanshunimonkar/Downloads/AgriMemo/frontend/node_modules/@babel/parser/lib/index.js:10780:39
      at TypeScriptParserMixin.allowInAnd (/Users/himanshunimonkar/Downloads/AgriMemo/frontend/node_modules/@babel/parser/lib/index.js:12421:16)
      at TypeScriptParserMixin.parseExpression (/Users/himanshunimonkar/Downloads/AgriMemo/frontend/node_modules/@babel/parser/lib/index.js:10780:17)
      at TypeScriptParserMixin.parseStatementContent (/Users/himanshunimonkar/Downloads/AgriMemo/frontend/node_modules/@babel/parser/lib/index.js:12895:23)
      at TypeScriptParserMixin.parseStatementContent (/Users/himanshunimonkar/Downloads/AgriMemo/frontend/node_modules/@babel/parser/lib/index.js:9508:18)
      at TypeScriptParserMixin.parseStatementLike (/Users/himanshunimonkar/Downloads/AgriMemo/frontend/node_modules/@babel/parser/lib/index.js:12767:17)
      at TypeScriptParserMixin.parseModuleItem (/Users/himanshunimonkar/Downloads/AgriMemo/frontend/node_modules/@babel/parser/lib/index.js:12744:17)
      at TypeScriptParserMixin.parseBlockOrModuleBlockBody (/Users/himanshunimonkar/Downloads/AgriMemo/frontend/node_modules/@babel/parser/lib/index.js:13316:36)
      at TypeScriptParserMixin.parseBlockBody (/Users/himanshunimonkar/Downloads/AgriMemo/frontend/node_modules/@babel/parser/lib/index.js:13309:10)
      at TypeScriptParserMixin.parseProgram (/Users/himanshunimonkar/Downloads/AgriMemo/frontend/node_modules/@babel/parser/lib/index.js:12622:10)
      at TypeScriptParserMixin.parseTopLevel (/Users/himanshunimonkar/Downloads/AgriMemo/frontend/node_modules/@babel/parser/lib/index.js:12612:25)
      at TypeScriptParserMixin.parse (/Users/himanshunimonkar/Downloads/AgriMemo/frontend/node_modules/@babel/parser/lib/index.js:14488:25)
      at TypeScriptParserMixin.parse (/Users/himanshunimonkar/Downloads/AgriMemo/frontend/node_modules/@babel/parser/lib/index.js:10126:18)
      at parse (/Users/himanshunimonkar/Downloads/AgriMemo/frontend/node_modules/@babel/parser/lib/index.js:14522:38)
      at parser (/Users/himanshunimonkar/Downloads/AgriMemo/frontend/node_modules/@babel/core/lib/parser/index.js:41:34)
      at parser.next (<anonymous>)
      at normalizeFile (/Users/himanshunimonkar/Downloads/AgriMemo/frontend/node_modules/@babel/core/lib/transformation/normalize-file.js:64:37)
      at normalizeFile.next (<anonymous>)
      at run (/Users/himanshunimonkar/Downloads/AgriMemo/frontend/node_modules/@babel/core/lib/transformation/index.js:22:50)
      at run.next (<anonymous>)
      at transform (/Users/himanshunimonkar/Downloads/AgriMemo/frontend/node_modules/@babel/core/lib/transform.js:22:33)
      at transform.next (<anonymous>)
      at step (/Users/himanshunimonkar/Downloads/AgriMemo/frontend/node_modules/gensync/index.js:261:32)
      at /Users/himanshunimonkar/Downloads/AgriMemo/frontend/node_modules/gensync/index.js:273:13
      at async.call.result.err.err (/Users/himanshunimonkar/Downloads/AgriMemo/frontend/node_modules/gensync/index.js:223:11)
      at /Users/himanshunimonkar/Downloads/AgriMemo/frontend/node_modules/gensync/index.js:189:28
      at /Users/himanshunimonkar/Downloads/AgriMemo/frontend/node_modules/@babel/core/lib/gensync-utils/async.js:67:7
      at /Users/himanshunimonkar/Downloads/AgriMemo/frontend/node_modules/gensync/index.js:113:33
      at step (/Users/himanshunimonkar/Downloads/AgriMemo/frontend/node_modules/gensync/index.js:287:14)
      at /Users/himanshunimonkar/Downloads/AgriMemo/frontend/node_modules/gensync/index.js:273:13
      at async.call.result.err.err (/Users/himanshunimonkar/Downloads/AgriMemo/frontend/node_modules/gensync/index.js:223:11)
7:09:50 AM [vite] hmr update /src/components/notes/NoteFilters.tsx, /src/index.css
7:09:52 AM [vite] hmr update /src/components/notes/NoteDetail.tsx, /src/index.css
7:10:16 AM [vite] hmr update /src/components/upload/AudioUploader.tsx, /src/index.css
7:10:22 AM [vite] hmr update /src/components/StatusView.tsx, /src/index.css
7:10:26 AM [vite] hmr update /src/index.css, /src/components/notes/NoteDetail.tsx, /src/components/notes/NoteCard.tsx, /src/components/pipeline/ResultPanel.tsx
7:10:30 AM [vite] hmr update /src/components/pipeline/ResultPanel.tsx, /src/index.css
7:18:19 AM [vite] hmr update /src/App.tsx, /src/index.css, /src/components/layout/Layout.tsx, /src/components/notes/NotesList.tsx, /src/components/notes/NoteDetail.tsx, /src/components/notes/NoteFilters.tsx, /src/components/upload/AudioUploader.tsx
7:18:21 AM [vite] hmr update /src/components/notes/NoteFilters.tsx, /src/index.css
7:18:24 AM [vite] hmr update /src/components/notes/NoteDetail.tsx, /src/index.css
7:19:19 AM [vite] hmr update /src/index.css, /src/components/StatusView.tsx, /src/components/notes/NotesList.tsx, /src/components/notes/NoteDetail.tsx, /src/components/upload/AudioUploader.tsx
7:19:21 AM [vite] hmr update /src/index.css, /src/components/upload/AudioUploader.tsx
7:20:25 AM [vite] hmr update /src/components/notes/NoteDetail.tsx, /src/index.css
7:20:40 AM [vite] hmr update /src/components/notes/NoteDetail.tsx, /src/index.css
7:20:46 AM [vite] page reload src/types/index.ts
7:21:05 AM [vite] hmr update /src/components/notes/NotesList.tsx, /src/index.css
7:21:14 AM [vite] hmr update /src/components/notes/NoteCard.tsx, /src/index.css
7:21:16 AM [vite] hmr update /src/components/notes/NotesList.tsx, /src/index.css
7:21:28 AM [vite] hmr update /src/components/notes/NotesList.tsx, /src/index.css
7:22:19 AM [vite] vite.config.ts changed, restarting server...
Re-optimizing dependencies because lockfile has changed
7:22:20 AM [vite] server restarted.

  ➜  Local:   http://localhost:5173/
  ➜  Network: http://10.0.0.213:5173/
7:22:31 AM [vite] page reload src/main.tsx
7:22:32 AM [vite] hmr update /src/index.css, /src/components/upload/AudioUploader.tsx
7:22:47 AM [vite] page reload src/vite-env.d.ts
7:40:42 AM [vite] hmr update /src/components/notes/NotesList.tsx, /src/index.css
7:40:42 AM [vite] Internal server error: /Users/himanshunimonkar/Downloads/AgriMemo/frontend/src/components/notes/NotesList.tsx: Adjacent JSX elements must be wrapped in an enclosing tag. Did you want a JSX fragment <>...</>? (253:4)

  251 |         </div>
  252 |       </div>
> 253 |     </div>
      |     ^
  254 |   )
  255 | }
  256 |
  Plugin: vite:react-babel
  File: /Users/himanshunimonkar/Downloads/AgriMemo/frontend/src/components/notes/NotesList.tsx:253:4
  251|          </div>
  252|        </div>
  253|      </div>
     |      ^
  254|    )
  255|  }
      at constructor (/Users/himanshunimonkar/Downloads/AgriMemo/frontend/node_modules/@babel/parser/lib/index.js:365:19)
      at TypeScriptParserMixin.raise (/Users/himanshunimonkar/Downloads/AgriMemo/frontend/node_modules/@babel/parser/lib/index.js:6599:19)
      at TypeScriptParserMixin.jsxParseElementAt (/Users/himanshunimonkar/Downloads/AgriMemo/frontend/node_modules/@babel/parser/lib/index.js:4742:18)
      at TypeScriptParserMixin.jsxParseElement (/Users/himanshunimonkar/Downloads/AgriMemo/frontend/node_modules/@babel/parser/lib/index.js:4749:17)
      at TypeScriptParserMixin.parseExprAtom (/Users/himanshunimonkar/Downloads/AgriMemo/frontend/node_modules/@babel/parser/lib/index.js:4759:19)
      at TypeScriptParserMixin.parseExprSubscripts (/Users/himanshunimonkar/Downloads/AgriMemo/frontend/node_modules/@babel/parser/lib/index.js:11081:23)
      at TypeScriptParserMixin.parseUpdate (/Users/himanshunimonkar/Downloads/AgriMemo/frontend/node_modules/@babel/parser/lib/index.js:11066:21)
      at TypeScriptParserMixin.parseMaybeUnary (/Users/himanshunimonkar/Downloads/AgriMemo/frontend/node_modules/@babel/parser/lib/index.js:11046:23)
      at TypeScriptParserMixin.parseMaybeUnary (/Users/himanshunimonkar/Downloads/AgriMemo/frontend/node_modules/@babel/parser/lib/index.js:9837:18)
      at TypeScriptParserMixin.parseMaybeUnaryOrPrivate (/Users/himanshunimonkar/Downloads/AgriMemo/frontend/node_modules/@babel/parser/lib/index.js:10899:61)
      at TypeScriptParserMixin.parseExprOps (/Users/himanshunimonkar/Downloads/AgriMemo/frontend/node_modules/@babel/parser/lib/index.js:10904:23)
      at TypeScriptParserMixin.parseMaybeConditional (/Users/himanshunimonkar/Downloads/AgriMemo/frontend/node_modules/@babel/parser/lib/index.js:10881:23)
      at TypeScriptParserMixin.parseMaybeAssign (/Users/himanshunimonkar/Downloads/AgriMemo/frontend/node_modules/@babel/parser/lib/index.js:10831:21)
      at /Users/himanshunimonkar/Downloads/AgriMemo/frontend/node_modules/@babel/parser/lib/index.js:9775:39
      at TypeScriptParserMixin.tryParse (/Users/himanshunimonkar/Downloads/AgriMemo/frontend/node_modules/@babel/parser/lib/index.js:6907:20)
      at TypeScriptParserMixin.parseMaybeAssign (/Users/himanshunimonkar/Downloads/AgriMemo/frontend/node_modules/@babel/parser/lib/index.js:9775:18)
      at /Users/himanshunimonkar/Downloads/AgriMemo/frontend/node_modules/@babel/parser/lib/index.js:10800:39
      at TypeScriptParserMixin.allowInAnd (/Users/himanshunimonkar/Downloads/AgriMemo/frontend/node_modules/@babel/parser/lib/index.js:12426:12)
      at TypeScriptParserMixin.parseMaybeAssignAllowIn (/Users/himanshunimonkar/Downloads/AgriMemo/frontend/node_modules/@babel/parser/lib/index.js:10800:17)
      at TypeScriptParserMixin.parseMaybeAssignAllowInOrVoidPattern (/Users/himanshunimonkar/Downloads/AgriMemo/frontend/node_modules/@babel/parser/lib/index.js:12493:17)
      at TypeScriptParserMixin.parseParenAndDistinguishExpression (/Users/himanshunimonkar/Downloads/AgriMemo/frontend/node_modules/@babel/parser/lib/index.js:11675:28)
      at TypeScriptParserMixin.parseExprAtom (/Users/himanshunimonkar/Downloads/AgriMemo/frontend/node_modules/@babel/parser/lib/index.js:11331:23)
      at TypeScriptParserMixin.parseExprAtom (/Users/himanshunimonkar/Downloads/AgriMemo/frontend/node_modules/@babel/parser/lib/index.js:4764:20)
      at TypeScriptParserMixin.parseExprSubscripts (/Users/himanshunimonkar/Downloads/AgriMemo/frontend/node_modules/@babel/parser/lib/index.js:11081:23)
      at TypeScriptParserMixin.parseUpdate (/Users/himanshunimonkar/Downloads/AgriMemo/frontend/node_modules/@babel/parser/lib/index.js:11066:21)
      at TypeScriptParserMixin.parseMaybeUnary (/Users/himanshunimonkar/Downloads/AgriMemo/frontend/node_modules/@babel/parser/lib/index.js:11046:23)
      at TypeScriptParserMixin.parseMaybeUnary (/Users/himanshunimonkar/Downloads/AgriMemo/frontend/node_modules/@babel/parser/lib/index.js:9837:18)
      at TypeScriptParserMixin.parseMaybeUnaryOrPrivate (/Users/himanshunimonkar/Downloads/AgriMemo/frontend/node_modules/@babel/parser/lib/index.js:10899:61)
      at TypeScriptParserMixin.parseExprOps (/Users/himanshunimonkar/Downloads/AgriMemo/frontend/node_modules/@babel/parser/lib/index.js:10904:23)
      at TypeScriptParserMixin.parseMaybeConditional (/Users/himanshunimonkar/Downloads/AgriMemo/frontend/node_modules/@babel/parser/lib/index.js:10881:23)
      at TypeScriptParserMixin.parseMaybeAssign (/Users/himanshunimonkar/Downloads/AgriMemo/frontend/node_modules/@babel/parser/lib/index.js:10831:21)
      at TypeScriptParserMixin.parseMaybeAssign (/Users/himanshunimonkar/Downloads/AgriMemo/frontend/node_modules/@babel/parser/lib/index.js:9786:20)
      at TypeScriptParserMixin.parseExpressionBase (/Users/himanshunimonkar/Downloads/AgriMemo/frontend/node_modules/@babel/parser/lib/index.js:10784:23)
      at /Users/himanshunimonkar/Downloads/AgriMemo/frontend/node_modules/@babel/parser/lib/index.js:10780:39
      at TypeScriptParserMixin.allowInAnd (/Users/himanshunimonkar/Downloads/AgriMemo/frontend/node_modules/@babel/parser/lib/index.js:12421:16)
      at TypeScriptParserMixin.parseExpression (/Users/himanshunimonkar/Downloads/AgriMemo/frontend/node_modules/@babel/parser/lib/index.js:10780:17)
      at TypeScriptParserMixin.parseReturnStatement (/Users/himanshunimonkar/Downloads/AgriMemo/frontend/node_modules/@babel/parser/lib/index.js:13142:28)
      at TypeScriptParserMixin.parseStatementContent (/Users/himanshunimonkar/Downloads/AgriMemo/frontend/node_modules/@babel/parser/lib/index.js:12798:21)
      at TypeScriptParserMixin.parseStatementContent (/Users/himanshunimonkar/Downloads/AgriMemo/frontend/node_modules/@babel/parser/lib/index.js:9508:18)
      at TypeScriptParserMixin.parseStatementLike (/Users/himanshunimonkar/Downloads/AgriMemo/frontend/node_modules/@babel/parser/lib/index.js:12767:17)
      at TypeScriptParserMixin.parseStatementListItem (/Users/himanshunimonkar/Downloads/AgriMemo/frontend/node_modules/@babel/parser/lib/index.js:12747:17)
      at TypeScriptParserMixin.parseBlockOrModuleBlockBody (/Users/himanshunimonkar/Downloads/AgriMemo/frontend/node_modules/@babel/parser/lib/index.js:13316:61)
      at TypeScriptParserMixin.parseBlockBody (/Users/himanshunimonkar/Downloads/AgriMemo/frontend/node_modules/@babel/parser/lib/index.js:13309:10)
      at TypeScriptParserMixin.parseBlock (/Users/himanshunimonkar/Downloads/AgriMemo/frontend/node_modules/@babel/parser/lib/index.js:13297:10)
      at TypeScriptParserMixin.parseFunctionBody (/Users/himanshunimonkar/Downloads/AgriMemo/frontend/node_modules/@babel/parser/lib/index.js:12100:24)
      at TypeScriptParserMixin.parseFunctionBodyAndFinish (/Users/himanshunimonkar/Downloads/AgriMemo/frontend/node_modules/@babel/parser/lib/index.js:12086:10)
      at TypeScriptParserMixin.parseFunctionBodyAndFinish (/Users/himanshunimonkar/Downloads/AgriMemo/frontend/node_modules/@babel/parser/lib/index.js:9172:18)
      at /Users/himanshunimonkar/Downloads/AgriMemo/frontend/node_modules/@babel/parser/lib/index.js:13445:12
      at TypeScriptParserMixin.withSmartMixTopicForbiddingContext (/Users/himanshunimonkar/Downloads/AgriMemo/frontend/node_modules/@babel/parser/lib/index.js:12403:14)
      at TypeScriptParserMixin.parseFunction (/Users/himanshunimonkar/Downloads/AgriMemo/frontend/node_modules/@babel/parser/lib/index.js:13444:10)
7:40:43 AM [vite] hmr update /src/components/notes/NoteCard.tsx, /src/index.css
7:40:55 AM [vite] hmr update /src/components/notes/NotesList.tsx, /src/index.css
7:41:18 AM [vite] hmr update /src/components/notes/NoteDetail.tsx, /src/index.css
7:48:47 AM [vite] hmr update /src/index.css, /src/App.tsx, /src/components/layout/Layout.tsx, /src/components/notes/NotesList.tsx, /src/components/notes/NoteDetail.tsx, /src/components/upload/AudioUploader.tsx, /src/components/notes/NoteFilters.tsx
7:48:59 AM [vite] hmr update /src/components/notes/NotesList.tsx, /src/index.css
7:49:13 AM [vite] hmr update /src/components/notes/NotesList.tsx, /src/index.css
7:53:17 AM [vite] hmr update /src/components/notes/NotesList.tsx, /src/index.css
